SF:lib/core/failures.dart
DA:7,1
DA:12,1
DA:13,3
DA:20,1
DA:25,2
DA:30,2
DA:35,2
DA:40,0
DA:45,1
DA:52,0
DA:57,0
DA:62,0
DA:67,0
DA:74,1
DA:79,1
DA:84,0
DA:89,0
DA:96,0
DA:101,0
DA:106,0
DA:107,0
DA:112,0
DA:113,0
DA:116,0
LF:24
LH:10
end_of_record
SF:lib/data/repositories/fake_auth_repository.dart
DA:14,1
DA:15,1
DA:16,1
DA:17,0
DA:30,1
DA:32,2
DA:34,2
DA:37,1
DA:38,1
DA:41,2
DA:43,2
DA:44,2
DA:49,1
DA:55,3
DA:56,3
DA:57,1
DA:62,1
DA:66,1
DA:67,1
DA:71,1
DA:77,6
DA:78,2
DA:79,1
DA:89,2
DA:90,2
DA:91,1
DA:101,2
DA:102,0
DA:104,0
DA:110,2
DA:112,0
DA:115,0
DA:116,0
DA:123,2
DA:125,0
DA:128,0
DA:129,0
DA:136,2
DA:138,0
DA:141,0
DA:142,0
DA:149,2
DA:150,1
DA:151,2
DA:157,3
DA:158,1
DA:159,1
DA:163,1
DA:166,2
DA:167,1
DA:168,2
DA:175,3
DA:176,1
DA:177,1
DA:181,1
DA:183,1
DA:184,1
DA:187,1
DA:189,6
DA:196,1
DA:203,1
DA:204,2
DA:205,2
LF:63
LH:51
end_of_record
SF:lib/data/repositories/fake_attachment_repository.dart
DA:13,1
DA:14,1
DA:15,1
DA:20,1
DA:24,6
DA:28,1
DA:33,5
DA:40,1
DA:48,2
DA:49,1
DA:50,2
DA:60,2
DA:64,1
DA:68,6
DA:69,2
DA:72,2
DA:76,1
DA:78,5
DA:79,2
DA:82,2
DA:86,1
DA:88,2
DA:89,1
DA:92,4
DA:93,4
DA:94,6
DA:96,4
DA:101,2
DA:105,1
DA:106,2
DA:113,1
DA:114,1
DA:117,1
DA:118,1
DA:121,1
DA:122,2
DA:124,1
DA:126,1
DA:127,1
DA:130,2
DA:131,1
DA:132,0
DA:137,1
DA:138,2
DA:139,1
LF:45
LH:44
end_of_record
SF:lib/data/repositories/fake_task_repository.dart
DA:14,1
DA:15,1
DA:16,1
DA:17,1
DA:23,1
DA:25,1
DA:28,1
DA:31,5
DA:38,1
DA:40,1
DA:43,1
DA:45,2
DA:49,1
DA:51,6
DA:52,2
DA:55,2
DA:59,1
DA:61,5
DA:62,2
DA:65,2
DA:69,1
DA:71,2
DA:75,1
DA:77,6
DA:78,2
DA:81,2
DA:85,1
DA:87,5
DA:88,2
DA:91,2
DA:95,1
DA:97,2
DA:98,1
DA:99,2
DA:103,1
DA:105,1
DA:108,1
DA:109,2
DA:116,1
DA:117,1
DA:120,1
DA:121,1
DA:124,1
DA:125,2
DA:127,1
DA:129,1
DA:130,1
DA:133,2
DA:134,1
DA:135,0
DA:140,1
DA:141,2
DA:142,1
LF:53
LH:52
end_of_record
